# JRE version: Java(TM) SE Runtime Environment (8.0_221-b11) (build 1.8.0_221-b11)
# Java VM: Java HotSpot(TM) 64-Bit Server VM (25.221-b11 mixed mode linux-amd64 compressed oops)
Heap:
 PSYoungGen      total 275968K, used 11674K [0x00000000eb700000, 0x00000000fe180000, 0x0000000100000000)
  eden space 252416K, 0% used [0x00000000eb700000,0x00000000eb700000,0x00000000fad80000)
  from space 23552K, 49% used [0x00000000fad80000,0x00000000fb8e6b10,0x00000000fc480000)
  to   space 21504K, 0% used [0x00000000fc480000,0x00000000fc480000,0x00000000fd980000)
 ParOldGen       total 98816K, used 29073K [0x00000000c2400000, 0x00000000c8480000, 0x00000000eb700000)
  object space 98816K, 29% used [0x00000000c2400000,0x00000000c4064518,0x00000000c8480000)
 Metaspace       used 92718K, capacity 102738K, committed 102804K, reserved 1138688K
  class space    used 12743K, capacity 13692K, committed 13756K, reserved 1048576K
GC Heap History (10 events):
Event: 9.223 GC heap after
Heap after GC invocations=12 (full 3):
 PSYoungGen      total 184320K, used 0K [0x00000000eb700000, 0x00000000faa80000, 0x0000000100000000)
  eden space 170496K, 0% used [0x00000000eb700000,0x00000000eb700000,0x00000000f5d80000)
  from space 13824K, 0% used [0x00000000f5d80000,0x00000000f5d80000,0x00000000f6b00000)
  to   space 14336K, 0% used [0x00000000f9c80000,0x00000000f9c80000,0x00000000faa80000)
 ParOldGen       total 68608K, used 16763K [0x00000000c2400000, 0x00000000c6700000, 0x00000000eb700000)
  object space 68608K, 24% used [0x00000000c2400000,0x00000000c345edc0,0x00000000c6700000)
 Metaspace       used 56483K, capacity 58966K, committed 59028K, reserved 1101824K
  class space    used 7364K, capacity 7605K, committed 7612K, reserved 1048576K
}
Event: 13.005 GC heap before
{Heap before GC invocations=13 (full 3):
 PSYoungGen      total 184320K, used 170496K [0x00000000eb700000, 0x00000000faa80000, 0x0000000100000000)
  eden space 170496K, 100% used [0x00000000eb700000,0x00000000f5d80000,0x00000000f5d80000)
  from space 13824K, 0% used [0x00000000f5d80000,0x00000000f5d80000,0x00000000f6b00000)
  to   space 14336K, 0% used [0x00000000f9c80000,0x00000000f9c80000,0x00000000faa80000)
 ParOldGen       total 68608K, used 16763K [0x00000000c2400000, 0x00000000c6700000, 0x00000000eb700000)
  object space 68608K, 24% used [0x00000000c2400000,0x00000000c345edc0,0x00000000c6700000)
 Metaspace       used 77299K, capacity 82178K, committed 82324K, reserved 1120256K
  class space    used 10497K, capacity 10849K, committed 10940K, reserved 1048576K
Event: 13.031 GC heap after
Heap after GC invocations=13 (full 3):
 PSYoungGen      total 222208K, used 14335K [0x00000000eb700000, 0x00000000faa80000, 0x0000000100000000)
  eden space 207872K, 0% used [0x00000000eb700000,0x00000000eb700000,0x00000000f8200000)
  from space 14336K, 99% used [0x00000000f9c80000,0x00000000faa7fcb8,0x00000000faa80000)
  to   space 18944K, 0% used [0x00000000f8580000,0x00000000f8580000,0x00000000f9800000)
 ParOldGen       total 68608K, used 23961K [0x00000000c2400000, 0x00000000c6700000, 0x00000000eb700000)
  object space 68608K, 34% used [0x00000000c2400000,0x00000000c3b665f0,0x00000000c6700000)
 Metaspace       used 77299K, capacity 82178K, committed 82324K, reserved 1120256K
  class space    used 10497K, capacity 10849K, committed 10940K, reserved 1048576K
}
Event: 15.201 GC heap before
{Heap before GC invocations=14 (full 3):
 PSYoungGen      total 222208K, used 222207K [0x00000000eb700000, 0x00000000faa80000, 0x0000000100000000)
  eden space 207872K, 100% used [0x00000000eb700000,0x00000000f8200000,0x00000000f8200000)
  from space 14336K, 99% used [0x00000000f9c80000,0x00000000faa7fcb8,0x00000000faa80000)
  to   space 18944K, 0% used [0x00000000f8580000,0x00000000f8580000,0x00000000f9800000)
 ParOldGen       total 68608K, used 23961K [0x00000000c2400000, 0x00000000c6700000, 0x00000000eb700000)
  object space 68608K, 34% used [0x00000000c2400000,0x00000000c3b665f0,0x00000000c6700000)
 Metaspace       used 86226K, capacity 95192K, committed 95252K, reserved 1132544K
  class space    used 11983K, capacity 12831K, committed 12860K, reserved 1048576K
Event: 15.235 GC heap after
Heap after GC invocations=14 (full 3):
 PSYoungGen      total 230400K, used 18597K [0x00000000eb700000, 0x00000000fd980000, 0x0000000100000000)
  eden space 211456K, 0% used [0x00000000eb700000,0x00000000eb700000,0x00000000f8580000)
  from space 18944K, 98% used [0x00000000f8580000,0x00000000f97a9718,0x00000000f9800000)
  to   space 21504K, 0% used [0x00000000fc480000,0x00000000fc480000,0x00000000fd980000)
 ParOldGen       total 68608K, used 23969K [0x00000000c2400000, 0x00000000c6700000, 0x00000000eb700000)
  object space 68608K, 34% used [0x00000000c2400000,0x00000000c3b685f0,0x00000000c6700000)
 Metaspace       used 86226K, capacity 95192K, committed 95252K, reserved 1132544K
  class space    used 11983K, capacity 12831K, committed 12860K, reserved 1048576K
}
Event: 17.637 GC heap before
{Heap before GC invocations=15 (full 3):
 PSYoungGen      total 230400K, used 157891K [0x00000000eb700000, 0x00000000fd980000, 0x0000000100000000)
  eden space 211456K, 65% used [0x00000000eb700000,0x00000000f3f078b8,0x00000000f8580000)
  from space 18944K, 98% used [0x00000000f8580000,0x00000000f97a9718,0x00000000f9800000)
  to   space 21504K, 0% used [0x00000000fc480000,0x00000000fc480000,0x00000000fd980000)
 ParOldGen       total 68608K, used 23969K [0x00000000c2400000, 0x00000000c6700000, 0x00000000eb700000)
  object space 68608K, 34% used [0x00000000c2400000,0x00000000c3b685f0,0x00000000c6700000)
 Metaspace       used 89038K, capacity 98304K, committed 98380K, reserved 1134592K
  class space    used 12342K, capacity 13223K, committed 13244K, reserved 1048576K
Event: 17.672 GC heap after
Heap after GC invocations=15 (full 3):
 PSYoungGen      total 273920K, used 17991K [0x00000000eb700000, 0x00000000fe180000, 0x0000000100000000)
  eden space 252416K, 0% used [0x00000000eb700000,0x00000000eb700000,0x00000000fad80000)
  from space 21504K, 83% used [0x00000000fc480000,0x00000000fd611ed0,0x00000000fd980000)
  to   space 23552K, 0% used [0x00000000fad80000,0x00000000fad80000,0x00000000fc480000)
 ParOldGen       total 68608K, used 23977K [0x00000000c2400000, 0x00000000c6700000, 0x00000000eb700000)
  object space 68608K, 34% used [0x00000000c2400000,0x00000000c3b6a5f0,0x00000000c6700000)
 Metaspace       used 89038K, capacity 98304K, committed 98380K, reserved 1134592K
  class space    used 12342K, capacity 13223K, committed 13244K, reserved 1048576K
}
Event: 17.672 GC heap before
{Heap before GC invocations=16 (full 4):
 PSYoungGen      total 273920K, used 17991K [0x00000000eb700000, 0x00000000fe180000, 0x0000000100000000)
  eden space 252416K, 0% used [0x00000000eb700000,0x00000000eb700000,0x00000000fad80000)
  from space 21504K, 83% used [0x00000000fc480000,0x00000000fd611ed0,0x00000000fd980000)
  to   space 23552K, 0% used [0x00000000fad80000,0x00000000fad80000,0x00000000fc480000)
 ParOldGen       total 68608K, used 23977K [0x00000000c2400000, 0x00000000c6700000, 0x00000000eb700000)
  object space 68608K, 34% used [0x00000000c2400000,0x00000000c3b6a5f0,0x00000000c6700000)
 Metaspace       used 89038K, capacity 98304K, committed 98380K, reserved 1134592K
  class space    used 12342K, capacity 13223K, committed 13244K, reserved 1048576K
Event: 17.822 GC heap after
Heap after GC invocations=16 (full 4):
 PSYoungGen      total 273920K, used 0K [0x00000000eb700000, 0x00000000fe180000, 0x0000000100000000)
  eden space 252416K, 0% used [0x00000000eb700000,0x00000000eb700000,0x00000000fad80000)
  from space 21504K, 0% used [0x00000000fc480000,0x00000000fc480000,0x00000000fd980000)
  to   space 23552K, 0% used [0x00000000fad80000,0x00000000fad80000,0x00000000fc480000)
 ParOldGen       total 98816K, used 29065K [0x00000000c2400000, 0x00000000c8480000, 0x00000000eb700000)
  object space 98816K, 29% used [0x00000000c2400000,0x00000000c4062518,0x00000000c8480000)
 Metaspace       used 89038K, capacity 98304K, committed 98380K, reserved 1134592K
  class space    used 12342K, capacity 13223K, committed 13244K, reserved 1048576K
}
Event: 38.449 GC heap before
{Heap before GC invocations=17 (full 4):
 PSYoungGen      total 273920K, used 252416K [0x00000000eb700000, 0x00000000fe180000, 0x0000000100000000)
  eden space 252416K, 100% used [0x00000000eb700000,0x00000000fad80000,0x00000000fad80000)
  from space 21504K, 0% used [0x00000000fc480000,0x00000000fc480000,0x00000000fd980000)
  to   space 23552K, 0% used [0x00000000fad80000,0x00000000fad80000,0x00000000fc480000)
 ParOldGen       total 98816K, used 29065K [0x00000000c2400000, 0x00000000c8480000, 0x00000000eb700000)
  object space 98816K, 29% used [0x00000000c2400000,0x00000000c4062518,0x00000000c8480000)
 Metaspace       used 92718K, capacity 102738K, committed 102804K, reserved 1138688K
  class space    used 12743K, capacity 13692K, committed 13756K, reserved 1048576K

