# JRE version: Java(TM) SE Runtime Environment (8.0_221-b11) (build 1.8.0_221-b11)
# Java VM: Java HotSpot(TM) 64-Bit Server VM (25.221-b11 mixed mode linux-amd64 compressed oops)
Heap:
 PSYoungGen      total 305664K, used 1862K [0x00000000d6780000, 0x00000000ef900000, 0x0000000100000000)
  eden space 231936K, 0% used [0x00000000d6780000,0x00000000d6780000,0x00000000e4a00000)
  from space 73728K, 2% used [0x00000000e9380000,0x00000000e9551910,0x00000000edb80000)
  to   space 75264K, 0% used [0x00000000e4a00000,0x00000000e4a00000,0x00000000e9380000)
 ParOldGen       total 151040K, used 150713K [0x0000000083600000, 0x000000008c980000, 0x00000000d6780000)
  object space 151040K, 99% used [0x0000000083600000,0x000000008c92e710,0x000000008c980000)
 Metaspace       used 54508K, capacity 58145K, committed 58288K, reserved 1099776K
  class space    used 7520K, capacity 7823K, committed 7856K, reserved 1048576K
GC Heap History (10 events):
Event: 6.328 GC heap after
Heap after GC invocations=8 (full 1):
 PSYoungGen      total 136192K, used 18416K [0x00000000d6780000, 0x00000000e8680000, 0x0000000100000000)
  eden space 117760K, 0% used [0x00000000d6780000,0x00000000d6780000,0x00000000dda80000)
  from space 18432K, 99% used [0x00000000dda80000,0x00000000dec7c080,0x00000000dec80000)
  to   space 44544K, 0% used [0x00000000e5b00000,0x00000000e5b00000,0x00000000e8680000)
 ParOldGen       total 64000K, used 63508K [0x0000000083600000, 0x0000000087480000, 0x00000000d6780000)
  object space 64000K, 99% used [0x0000000083600000,0x0000000087405380,0x0000000087480000)
 Metaspace       used 34161K, capacity 35091K, committed 35248K, reserved 1079296K
  class space    used 5348K, capacity 5528K, committed 5552K, reserved 1048576K
}
Event: 6.328 GC heap before
{Heap before GC invocations=9 (full 2):
 PSYoungGen      total 136192K, used 18416K [0x00000000d6780000, 0x00000000e8680000, 0x0000000100000000)
  eden space 117760K, 0% used [0x00000000d6780000,0x00000000d6780000,0x00000000dda80000)
  from space 18432K, 99% used [0x00000000dda80000,0x00000000dec7c080,0x00000000dec80000)
  to   space 44544K, 0% used [0x00000000e5b00000,0x00000000e5b00000,0x00000000e8680000)
 ParOldGen       total 64000K, used 63508K [0x0000000083600000, 0x0000000087480000, 0x00000000d6780000)
  object space 64000K, 99% used [0x0000000083600000,0x0000000087405380,0x0000000087480000)
 Metaspace       used 34161K, capacity 35091K, committed 35248K, reserved 1079296K
  class space    used 5348K, capacity 5528K, committed 5552K, reserved 1048576K
Event: 6.478 GC heap after
Heap after GC invocations=9 (full 2):
 PSYoungGen      total 136192K, used 5087K [0x00000000d6780000, 0x00000000e8680000, 0x0000000100000000)
  eden space 117760K, 0% used [0x00000000d6780000,0x00000000d6780000,0x00000000dda80000)
  from space 18432K, 27% used [0x00000000dda80000,0x00000000ddf77f98,0x00000000dec80000)
  to   space 44544K, 0% used [0x00000000e5b00000,0x00000000e5b00000,0x00000000e8680000)
 ParOldGen       total 151040K, used 63769K [0x0000000083600000, 0x000000008c980000, 0x00000000d6780000)
  object space 151040K, 42% used [0x0000000083600000,0x0000000087446698,0x000000008c980000)
 Metaspace       used 34161K, capacity 35091K, committed 35248K, reserved 1079296K
  class space    used 5348K, capacity 5528K, committed 5552K, reserved 1048576K
}
Event: 10.191 GC heap before
{Heap before GC invocations=10 (full 2):
 PSYoungGen      total 136192K, used 122847K [0x00000000d6780000, 0x00000000e8680000, 0x0000000100000000)
  eden space 117760K, 100% used [0x00000000d6780000,0x00000000dda80000,0x00000000dda80000)
  from space 18432K, 27% used [0x00000000dda80000,0x00000000ddf77f98,0x00000000dec80000)
  to   space 44544K, 0% used [0x00000000e5b00000,0x00000000e5b00000,0x00000000e8680000)
 ParOldGen       total 151040K, used 63769K [0x0000000083600000, 0x000000008c980000, 0x00000000d6780000)
  object space 151040K, 42% used [0x0000000083600000,0x0000000087446698,0x000000008c980000)
 Metaspace       used 44453K, capacity 46645K, committed 46768K, reserved 1089536K
  class space    used 6465K, capacity 6716K, committed 6832K, reserved 1048576K
Event: 10.242 GC heap after
Heap after GC invocations=10 (full 2):
 PSYoungGen      total 224768K, used 44532K [0x00000000d6780000, 0x00000000e8680000, 0x0000000100000000)
  eden space 180224K, 0% used [0x00000000d6780000,0x00000000d6780000,0x00000000e1780000)
  from space 44544K, 99% used [0x00000000e5b00000,0x00000000e867d2e0,0x00000000e8680000)
  to   space 54272K, 0% used [0x00000000e1c80000,0x00000000e1c80000,0x00000000e5180000)
 ParOldGen       total 151040K, used 65696K [0x0000000083600000, 0x000000008c980000, 0x00000000d6780000)
  object space 151040K, 43% used [0x0000000083600000,0x0000000087628390,0x000000008c980000)
 Metaspace       used 44453K, capacity 46645K, committed 46768K, reserved 1089536K
  class space    used 6465K, capacity 6716K, committed 6832K, reserved 1048576K
}
Event: 18.637 GC heap before
{Heap before GC invocations=11 (full 2):
 PSYoungGen      total 224768K, used 224756K [0x00000000d6780000, 0x00000000e8680000, 0x0000000100000000)
  eden space 180224K, 100% used [0x00000000d6780000,0x00000000e1780000,0x00000000e1780000)
  from space 44544K, 99% used [0x00000000e5b00000,0x00000000e867d2e0,0x00000000e8680000)
  to   space 54272K, 0% used [0x00000000e1c80000,0x00000000e1c80000,0x00000000e5180000)
 ParOldGen       total 151040K, used 65696K [0x0000000083600000, 0x000000008c980000, 0x00000000d6780000)
  object space 151040K, 43% used [0x0000000083600000,0x0000000087628390,0x000000008c980000)
 Metaspace       used 50265K, capacity 53311K, committed 53424K, reserved 1095680K
  class space    used 6991K, capacity 7276K, committed 7344K, reserved 1048576K
Event: 18.760 GC heap after
Heap after GC invocations=11 (full 2):
 PSYoungGen      total 239616K, used 54258K [0x00000000d6780000, 0x00000000edb80000, 0x0000000100000000)
  eden space 185344K, 0% used [0x00000000d6780000,0x00000000d6780000,0x00000000e1c80000)
  from space 54272K, 99% used [0x00000000e1c80000,0x00000000e517c9c0,0x00000000e5180000)
  to   space 73728K, 0% used [0x00000000e9380000,0x00000000e9380000,0x00000000edb80000)
 ParOldGen       total 151040K, used 88330K [0x0000000083600000, 0x000000008c980000, 0x00000000d6780000)
  object space 151040K, 58% used [0x0000000083600000,0x0000000088c42978,0x000000008c980000)
 Metaspace       used 50265K, capacity 53311K, committed 53424K, reserved 1095680K
  class space    used 6991K, capacity 7276K, committed 7344K, reserved 1048576K
}
Event: 21.774 GC heap before
{Heap before GC invocations=12 (full 2):
 PSYoungGen      total 239616K, used 239602K [0x00000000d6780000, 0x00000000edb80000, 0x0000000100000000)
  eden space 185344K, 100% used [0x00000000d6780000,0x00000000e1c80000,0x00000000e1c80000)
  from space 54272K, 99% used [0x00000000e1c80000,0x00000000e517c9c0,0x00000000e5180000)
  to   space 73728K, 0% used [0x00000000e9380000,0x00000000e9380000,0x00000000edb80000)
 ParOldGen       total 151040K, used 88330K [0x0000000083600000, 0x000000008c980000, 0x00000000d6780000)
  object space 151040K, 58% used [0x0000000083600000,0x0000000088c42978,0x000000008c980000)
 Metaspace       used 54508K, capacity 58145K, committed 58288K, reserved 1099776K
  class space    used 7520K, capacity 7823K, committed 7856K, reserved 1048576K
Event: 22.366 GC heap after
Heap after GC invocations=12 (full 2):
 PSYoungGen      total 305664K, used 42948K [0x00000000d6780000, 0x00000000ef900000, 0x0000000100000000)
  eden space 231936K, 0% used [0x00000000d6780000,0x00000000d6780000,0x00000000e4a00000)
  from space 73728K, 58% used [0x00000000e9380000,0x00000000ebd71278,0x00000000edb80000)
  to   space 75264K, 0% used [0x00000000e4a00000,0x00000000e4a00000,0x00000000e9380000)
 ParOldGen       total 151040K, used 123848K [0x0000000083600000, 0x000000008c980000, 0x00000000d6780000)
  object space 151040K, 81% used [0x0000000083600000,0x000000008aef2368,0x000000008c980000)
 Metaspace       used 54508K, capacity 58145K, committed 58288K, reserved 1099776K
  class space    used 7520K, capacity 7823K, committed 7856K, reserved 1048576K
}
Event: 22.374 GC heap before
{Heap before GC invocations=13 (full 3):
 PSYoungGen      total 305664K, used 42948K [0x00000000d6780000, 0x00000000ef900000, 0x0000000100000000)
  eden space 231936K, 0% used [0x00000000d6780000,0x00000000d6780000,0x00000000e4a00000)
  from space 73728K, 58% used [0x00000000e9380000,0x00000000ebd71278,0x00000000edb80000)
  to   space 75264K, 0% used [0x00000000e4a00000,0x00000000e4a00000,0x00000000e9380000)
 ParOldGen       total 151040K, used 123848K [0x0000000083600000, 0x000000008c980000, 0x00000000d6780000)
  object space 151040K, 81% used [0x0000000083600000,0x000000008aef2368,0x000000008c980000)
 Metaspace       used 54508K, capacity 58145K, committed 58288K, reserved 1099776K
  class space    used 7520K, capacity 7823K, committed 7856K, reserved 1048576K

