# JRE version: Java(TM) SE Runtime Environment (8.0_221-b11) (build 1.8.0_221-b11)
# Java VM: Java HotSpot(TM) 64-Bit Server VM (25.221-b11 mixed mode linux-amd64 compressed oops)
Heap:
 PSYoungGen      total 252416K, used 11328K [0x00000000eb700000, 0x00000000fc480000, 0x0000000100000000)
  eden space 234496K, 0% used [0x00000000eb700000,0x00000000eb700000,0x00000000f9c00000)
  from space 17920K, 63% used [0x00000000fa180000,0x00000000fac90170,0x00000000fb300000)
  to   space 12800K, 0% used [0x00000000fb800000,0x00000000fb800000,0x00000000fc480000)
 ParOldGen       total 50688K, used 33508K [0x00000000c2400000, 0x00000000c5580000, 0x00000000eb700000)
  object space 50688K, 66% used [0x00000000c2400000,0x00000000c44b90a0,0x00000000c5580000)
 Metaspace       used 86349K, capacity 95260K, committed 95508K, reserved 1132544K
  class space    used 11978K, capacity 12831K, committed 12860K, reserved 1048576K
GC Heap History (10 events):
Event: 7.530 GC heap after
Heap after GC invocations=11 (full 2):
 PSYoungGen      total 130048K, used 0K [0x00000000eb700000, 0x00000000f7580000, 0x0000000100000000)
  eden space 121856K, 0% used [0x00000000eb700000,0x00000000eb700000,0x00000000f2e00000)
  from space 8192K, 0% used [0x00000000f2e00000,0x00000000f2e00000,0x00000000f3600000)
  to   space 8192K, 0% used [0x00000000f6d80000,0x00000000f6d80000,0x00000000f7580000)
 ParOldGen       total 35328K, used 9977K [0x00000000c2400000, 0x00000000c4680000, 0x00000000eb700000)
  object space 35328K, 28% used [0x00000000c2400000,0x00000000c2dbe7a8,0x00000000c4680000)
 Metaspace       used 33483K, capacity 35320K, committed 35416K, reserved 1079296K
  class space    used 4695K, capacity 4910K, committed 4992K, reserved 1048576K
}
Event: 9.867 GC heap before
{Heap before GC invocations=12 (full 2):
 PSYoungGen      total 130048K, used 121856K [0x00000000eb700000, 0x00000000f7580000, 0x0000000100000000)
  eden space 121856K, 100% used [0x00000000eb700000,0x00000000f2e00000,0x00000000f2e00000)
  from space 8192K, 0% used [0x00000000f2e00000,0x00000000f2e00000,0x00000000f3600000)
  to   space 8192K, 0% used [0x00000000f6d80000,0x00000000f6d80000,0x00000000f7580000)
 ParOldGen       total 35328K, used 9977K [0x00000000c2400000, 0x00000000c4680000, 0x00000000eb700000)
  object space 35328K, 28% used [0x00000000c2400000,0x00000000c2dbe7a8,0x00000000c4680000)
 Metaspace       used 49533K, capacity 51634K, committed 51928K, reserved 1093632K
  class space    used 6551K, capacity 6788K, committed 6912K, reserved 1048576K
Event: 9.891 GC heap after
Heap after GC invocations=12 (full 2):
 PSYoungGen      total 182272K, used 8171K [0x00000000eb700000, 0x00000000f7d00000, 0x0000000100000000)
  eden space 174080K, 0% used [0x00000000eb700000,0x00000000eb700000,0x00000000f6100000)
  from space 8192K, 99% used [0x00000000f6d80000,0x00000000f757ae98,0x00000000f7580000)
  to   space 12800K, 0% used [0x00000000f6100000,0x00000000f6100000,0x00000000f6d80000)
 ParOldGen       total 35328K, used 20196K [0x00000000c2400000, 0x00000000c4680000, 0x00000000eb700000)
  object space 35328K, 57% used [0x00000000c2400000,0x00000000c37b92a8,0x00000000c4680000)
 Metaspace       used 49533K, capacity 51634K, committed 51928K, reserved 1093632K
  class space    used 6551K, capacity 6788K, committed 6912K, reserved 1048576K
}
Event: 10.721 GC heap before
{Heap before GC invocations=13 (full 2):
 PSYoungGen      total 182272K, used 59765K [0x00000000eb700000, 0x00000000f7d00000, 0x0000000100000000)
  eden space 174080K, 29% used [0x00000000eb700000,0x00000000ee962730,0x00000000f6100000)
  from space 8192K, 99% used [0x00000000f6d80000,0x00000000f757ae98,0x00000000f7580000)
  to   space 12800K, 0% used [0x00000000f6100000,0x00000000f6100000,0x00000000f6d80000)
 ParOldGen       total 35328K, used 20196K [0x00000000c2400000, 0x00000000c4680000, 0x00000000eb700000)
  object space 35328K, 57% used [0x00000000c2400000,0x00000000c37b92a8,0x00000000c4680000)
 Metaspace       used 56428K, capacity 58966K, committed 59028K, reserved 1101824K
  class space    used 7360K, capacity 7605K, committed 7612K, reserved 1048576K
Event: 10.737 GC heap after
Heap after GC invocations=13 (full 2):
 PSYoungGen      total 186880K, used 6734K [0x00000000eb700000, 0x00000000fc480000, 0x0000000100000000)
  eden space 174080K, 0% used [0x00000000eb700000,0x00000000eb700000,0x00000000f6100000)
  from space 12800K, 52% used [0x00000000f6100000,0x00000000f6793a18,0x00000000f6d80000)
  to   space 12800K, 0% used [0x00000000fb800000,0x00000000fb800000,0x00000000fc480000)
 ParOldGen       total 35328K, used 23761K [0x00000000c2400000, 0x00000000c4680000, 0x00000000eb700000)
  object space 35328K, 67% used [0x00000000c2400000,0x00000000c3b34738,0x00000000c4680000)
 Metaspace       used 56428K, capacity 58966K, committed 59028K, reserved 1101824K
  class space    used 7360K, capacity 7605K, committed 7612K, reserved 1048576K
}
Event: 10.738 GC heap before
{Heap before GC invocations=14 (full 3):
 PSYoungGen      total 186880K, used 6734K [0x00000000eb700000, 0x00000000fc480000, 0x0000000100000000)
  eden space 174080K, 0% used [0x00000000eb700000,0x00000000eb700000,0x00000000f6100000)
  from space 12800K, 52% used [0x00000000f6100000,0x00000000f6793a18,0x00000000f6d80000)
  to   space 12800K, 0% used [0x00000000fb800000,0x00000000fb800000,0x00000000fc480000)
 ParOldGen       total 35328K, used 23761K [0x00000000c2400000, 0x00000000c4680000, 0x00000000eb700000)
  object space 35328K, 67% used [0x00000000c2400000,0x00000000c3b34738,0x00000000c4680000)
 Metaspace       used 56428K, capacity 58966K, committed 59028K, reserved 1101824K
  class space    used 7360K, capacity 7605K, committed 7612K, reserved 1048576K
Event: 10.843 GC heap after
Heap after GC invocations=14 (full 3):
 PSYoungGen      total 186880K, used 0K [0x00000000eb700000, 0x00000000fc480000, 0x0000000100000000)
  eden space 174080K, 0% used [0x00000000eb700000,0x00000000eb700000,0x00000000f6100000)
  from space 12800K, 0% used [0x00000000f6100000,0x00000000f6100000,0x00000000f6d80000)
  to   space 12800K, 0% used [0x00000000fb800000,0x00000000fb800000,0x00000000fc480000)
 ParOldGen       total 50688K, used 16853K [0x00000000c2400000, 0x00000000c5580000, 0x00000000eb700000)
  object space 50688K, 33% used [0x00000000c2400000,0x00000000c3475798,0x00000000c5580000)
 Metaspace       used 56428K, capacity 58966K, committed 59028K, reserved 1101824K
  class space    used 7360K, capacity 7605K, committed 7612K, reserved 1048576K
}
Event: 15.260 GC heap before
{Heap before GC invocations=15 (full 3):
 PSYoungGen      total 186880K, used 174080K [0x00000000eb700000, 0x00000000fc480000, 0x0000000100000000)
  eden space 174080K, 100% used [0x00000000eb700000,0x00000000f6100000,0x00000000f6100000)
  from space 12800K, 0% used [0x00000000f6100000,0x00000000f6100000,0x00000000f6d80000)
  to   space 12800K, 0% used [0x00000000fb800000,0x00000000fb800000,0x00000000fc480000)
 ParOldGen       total 50688K, used 16853K [0x00000000c2400000, 0x00000000c5580000, 0x00000000eb700000)
  object space 50688K, 33% used [0x00000000c2400000,0x00000000c3475798,0x00000000c5580000)
 Metaspace       used 77880K, capacity 82836K, committed 82964K, reserved 1122304K
  class space    used 10607K, capacity 10973K, committed 11068K, reserved 1048576K
Event: 15.280 GC heap after
Heap after GC invocations=15 (full 3):
 PSYoungGen      total 247296K, used 12773K [0x00000000eb700000, 0x00000000fc480000, 0x0000000100000000)
  eden space 234496K, 0% used [0x00000000eb700000,0x00000000eb700000,0x00000000f9c00000)
  from space 12800K, 99% used [0x00000000fb800000,0x00000000fc479738,0x00000000fc480000)
  to   space 17920K, 0% used [0x00000000fa180000,0x00000000fa180000,0x00000000fb300000)
 ParOldGen       total 50688K, used 26076K [0x00000000c2400000, 0x00000000c5580000, 0x00000000eb700000)
  object space 50688K, 51% used [0x00000000c2400000,0x00000000c3d770f8,0x00000000c5580000)
 Metaspace       used 77880K, capacity 82836K, committed 82964K, reserved 1122304K
  class space    used 10607K, capacity 10973K, committed 11068K, reserved 1048576K
}
Event: 18.431 GC heap before
{Heap before GC invocations=16 (full 3):
 PSYoungGen      total 247296K, used 246298K [0x00000000eb700000, 0x00000000fc480000, 0x0000000100000000)
  eden space 234496K, 99% used [0x00000000eb700000,0x00000000f9b0d1f8,0x00000000f9c00000)
  from space 12800K, 99% used [0x00000000fb800000,0x00000000fc479738,0x00000000fc480000)
  to   space 17920K, 0% used [0x00000000fa180000,0x00000000fa180000,0x00000000fb300000)
 ParOldGen       total 50688K, used 26076K [0x00000000c2400000, 0x00000000c5580000, 0x00000000eb700000)
  object space 50688K, 51% used [0x00000000c2400000,0x00000000c3d770f8,0x00000000c5580000)
 Metaspace       used 86349K, capacity 95260K, committed 95508K, reserved 1132544K
  class space    used 11978K, capacity 12831K, committed 12860K, reserved 1048576K

