# JRE version: Java(TM) SE Runtime Environment (8.0_221-b11) (build 1.8.0_221-b11)
# Java VM: Java HotSpot(TM) 64-Bit Server VM (25.221-b11 mixed mode linux-amd64 compressed oops)
Heap:
 PSYoungGen      total 136192K, used 5088K [0x00000000d6780000, 0x00000000df180000, 0x0000000100000000)
  eden space 131072K, 0% used [0x00000000d6780000,0x00000000d6780000,0x00000000de780000)
  from space 5120K, 99% used [0x00000000de780000,0x00000000dec78060,0x00000000dec80000)
  to   space 5120K, 0% used [0x00000000dec80000,0x00000000dec80000,0x00000000df180000)
 ParOldGen       total 59392K, used 54197K [0x0000000083600000, 0x0000000087000000, 0x00000000d6780000)
  object space 59392K, 91% used [0x0000000083600000,0x0000000086aed468,0x0000000087000000)
 Metaspace       used 34160K, capacity 35027K, committed 35248K, reserved 1079296K
  class space    used 5347K, capacity 5528K, committed 5552K, reserved 1048576K
GC Heap History (10 events):
Event: 1.744 GC heap after
Heap after GC invocations=1 (full 0):
 PSYoungGen      total 37888K, used 3413K [0x00000000d6780000, 0x00000000db180000, 0x0000000100000000)
  eden space 32768K, 0% used [0x00000000d6780000,0x00000000d6780000,0x00000000d8780000)
  from space 5120K, 66% used [0x00000000d8780000,0x00000000d8ad5670,0x00000000d8c80000)
  to   space 5120K, 0% used [0x00000000dac80000,0x00000000dac80000,0x00000000db180000)
 ParOldGen       total 86016K, used 8K [0x0000000083600000, 0x0000000088a00000, 0x00000000d6780000)
  object space 86016K, 0% used [0x0000000083600000,0x0000000083602000,0x0000000088a00000)
 Metaspace       used 7693K, capacity 7854K, committed 8064K, reserved 1056768K
  class space    used 974K, capacity 1065K, committed 1152K, reserved 1048576K
}
Event: 2.218 GC heap before
{Heap before GC invocations=2 (full 0):
 PSYoungGen      total 37888K, used 36181K [0x00000000d6780000, 0x00000000db180000, 0x0000000100000000)
  eden space 32768K, 100% used [0x00000000d6780000,0x00000000d8780000,0x00000000d8780000)
  from space 5120K, 66% used [0x00000000d8780000,0x00000000d8ad5670,0x00000000d8c80000)
  to   space 5120K, 0% used [0x00000000dac80000,0x00000000dac80000,0x00000000db180000)
 ParOldGen       total 86016K, used 8K [0x0000000083600000, 0x0000000088a00000, 0x00000000d6780000)
  object space 86016K, 0% used [0x0000000083600000,0x0000000083602000,0x0000000088a00000)
 Metaspace       used 8878K, capacity 9118K, committed 9216K, reserved 1056768K
  class space    used 1154K, capacity 1249K, committed 1280K, reserved 1048576K
Event: 2.253 GC heap after
Heap after GC invocations=2 (full 0):
 PSYoungGen      total 70656K, used 5092K [0x00000000d6780000, 0x00000000db180000, 0x0000000100000000)
  eden space 65536K, 0% used [0x00000000d6780000,0x00000000d6780000,0x00000000da780000)
  from space 5120K, 99% used [0x00000000dac80000,0x00000000db179210,0x00000000db180000)
  to   space 5120K, 0% used [0x00000000da780000,0x00000000da780000,0x00000000dac80000)
 ParOldGen       total 86016K, used 2244K [0x0000000083600000, 0x0000000088a00000, 0x00000000d6780000)
  object space 86016K, 2% used [0x0000000083600000,0x0000000083831130,0x0000000088a00000)
 Metaspace       used 8878K, capacity 9118K, committed 9216K, reserved 1056768K
  class space    used 1154K, capacity 1249K, committed 1280K, reserved 1048576K
}
Event: 3.055 GC heap before
{Heap before GC invocations=3 (full 0):
 PSYoungGen      total 70656K, used 70628K [0x00000000d6780000, 0x00000000db180000, 0x0000000100000000)
  eden space 65536K, 100% used [0x00000000d6780000,0x00000000da780000,0x00000000da780000)
  from space 5120K, 99% used [0x00000000dac80000,0x00000000db179210,0x00000000db180000)
  to   space 5120K, 0% used [0x00000000da780000,0x00000000da780000,0x00000000dac80000)
 ParOldGen       total 86016K, used 2244K [0x0000000083600000, 0x0000000088a00000, 0x00000000d6780000)
  object space 86016K, 2% used [0x0000000083600000,0x0000000083831130,0x0000000088a00000)
 Metaspace       used 13706K, capacity 14014K, committed 14336K, reserved 1060864K
  class space    used 2086K, capacity 2177K, committed 2304K, reserved 1048576K
Event: 3.062 GC heap after
Heap after GC invocations=3 (full 0):
 PSYoungGen      total 70656K, used 5109K [0x00000000d6780000, 0x00000000df180000, 0x0000000100000000)
  eden space 65536K, 0% used [0x00000000d6780000,0x00000000d6780000,0x00000000da780000)
  from space 5120K, 99% used [0x00000000da780000,0x00000000dac7d688,0x00000000dac80000)
  to   space 5120K, 0% used [0x00000000dec80000,0x00000000dec80000,0x00000000df180000)
 ParOldGen       total 86016K, used 5676K [0x0000000083600000, 0x0000000088a00000, 0x00000000d6780000)
  object space 86016K, 6% used [0x0000000083600000,0x0000000083b8b080,0x0000000088a00000)
 Metaspace       used 13706K, capacity 14014K, committed 14336K, reserved 1060864K
  class space    used 2086K, capacity 2177K, committed 2304K, reserved 1048576K
}
Event: 3.889 GC heap before
{Heap before GC invocations=4 (full 0):
 PSYoungGen      total 70656K, used 37530K [0x00000000d6780000, 0x00000000df180000, 0x0000000100000000)
  eden space 65536K, 49% used [0x00000000d6780000,0x00000000d8729310,0x00000000da780000)
  from space 5120K, 99% used [0x00000000da780000,0x00000000dac7d688,0x00000000dac80000)
  to   space 5120K, 0% used [0x00000000dec80000,0x00000000dec80000,0x00000000df180000)
 ParOldGen       total 86016K, used 5676K [0x0000000083600000, 0x0000000088a00000, 0x00000000d6780000)
  object space 86016K, 6% used [0x0000000083600000,0x0000000083b8b080,0x0000000088a00000)
 Metaspace       used 20856K, capacity 21208K, committed 21296K, reserved 1067008K
  class space    used 3219K, capacity 3362K, committed 3376K, reserved 1048576K
Event: 3.923 GC heap after
Heap after GC invocations=4 (full 0):
 PSYoungGen      total 136192K, used 5103K [0x00000000d6780000, 0x00000000df180000, 0x0000000100000000)
  eden space 131072K, 0% used [0x00000000d6780000,0x00000000d6780000,0x00000000de780000)
  from space 5120K, 99% used [0x00000000dec80000,0x00000000df17bf70,0x00000000df180000)
  to   space 5120K, 0% used [0x00000000de780000,0x00000000de780000,0x00000000dec80000)
 ParOldGen       total 86016K, used 10483K [0x0000000083600000, 0x0000000088a00000, 0x00000000d6780000)
  object space 86016K, 12% used [0x0000000083600000,0x000000008403ced8,0x0000000088a00000)
 Metaspace       used 20856K, capacity 21208K, committed 21296K, reserved 1067008K
  class space    used 3219K, capacity 3362K, committed 3376K, reserved 1048576K
}
Event: 3.923 GC heap before
{Heap before GC invocations=5 (full 1):
 PSYoungGen      total 136192K, used 5103K [0x00000000d6780000, 0x00000000df180000, 0x0000000100000000)
  eden space 131072K, 0% used [0x00000000d6780000,0x00000000d6780000,0x00000000de780000)
  from space 5120K, 99% used [0x00000000dec80000,0x00000000df17bf70,0x00000000df180000)
  to   space 5120K, 0% used [0x00000000de780000,0x00000000de780000,0x00000000dec80000)
 ParOldGen       total 86016K, used 10483K [0x0000000083600000, 0x0000000088a00000, 0x00000000d6780000)
  object space 86016K, 12% used [0x0000000083600000,0x000000008403ced8,0x0000000088a00000)
 Metaspace       used 20856K, capacity 21208K, committed 21296K, reserved 1067008K
  class space    used 3219K, capacity 3362K, committed 3376K, reserved 1048576K
Event: 3.981 GC heap after
Heap after GC invocations=5 (full 1):
 PSYoungGen      total 136192K, used 0K [0x00000000d6780000, 0x00000000df180000, 0x0000000100000000)
  eden space 131072K, 0% used [0x00000000d6780000,0x00000000d6780000,0x00000000de780000)
  from space 5120K, 0% used [0x00000000dec80000,0x00000000dec80000,0x00000000df180000)
  to   space 5120K, 0% used [0x00000000de780000,0x00000000de780000,0x00000000dec80000)
 ParOldGen       total 59392K, used 9633K [0x0000000083600000, 0x0000000087000000, 0x00000000d6780000)
  object space 59392K, 16% used [0x0000000083600000,0x0000000083f68590,0x0000000087000000)
 Metaspace       used 20856K, capacity 21208K, committed 21296K, reserved 1067008K
  class space    used 3219K, capacity 3362K, committed 3376K, reserved 1048576K
}
Event: 7.020 GC heap before
{Heap before GC invocations=6 (full 1):
 PSYoungGen      total 136192K, used 131072K [0x00000000d6780000, 0x00000000df180000, 0x0000000100000000)
  eden space 131072K, 100% used [0x00000000d6780000,0x00000000de780000,0x00000000de780000)
  from space 5120K, 0% used [0x00000000dec80000,0x00000000dec80000,0x00000000df180000)
  to   space 5120K, 0% used [0x00000000de780000,0x00000000de780000,0x00000000dec80000)
 ParOldGen       total 59392K, used 9633K [0x0000000083600000, 0x0000000087000000, 0x00000000d6780000)
  object space 59392K, 16% used [0x0000000083600000,0x0000000083f68590,0x0000000087000000)
 Metaspace       used 34160K, capacity 35027K, committed 35248K, reserved 1079296K
  class space    used 5347K, capacity 5528K, committed 5552K, reserved 1048576K

