# JRE version: Java(TM) SE Runtime Environment (8.0_221-b11) (build 1.8.0_221-b11)
# Java VM: Java HotSpot(TM) 64-Bit Server VM (25.221-b11 mixed mode linux-amd64 compressed oops)
Heap:
 PSYoungGen      total 136192K, used 5088K [0x00000000d6780000, 0x00000000df180000, 0x0000000100000000)
  eden space 131072K, 0% used [0x00000000d6780000,0x00000000d6780000,0x00000000de780000)
  from space 5120K, 99% used [0x00000000de780000,0x00000000dec78070,0x00000000dec80000)
  to   space 5120K, 0% used [0x00000000dec80000,0x00000000dec80000,0x00000000df180000)
 ParOldGen       total 68096K, used 67713K [0x0000000083600000, 0x0000000087880000, 0x00000000d6780000)
  object space 68096K, 99% used [0x0000000083600000,0x00000000878207d8,0x0000000087880000)
 Metaspace       used 27851K, capacity 28234K, committed 28288K, reserved 1073152K
  class space    used 4815K, capacity 4973K, committed 4992K, reserved 1048576K
GC Heap History (10 events):
Event: 1.410 GC heap after
Heap after GC invocations=1 (full 0):
 PSYoungGen      total 37888K, used 3429K [0x00000000d6780000, 0x00000000db180000, 0x0000000100000000)
  eden space 32768K, 0% used [0x00000000d6780000,0x00000000d6780000,0x00000000d8780000)
  from space 5120K, 66% used [0x00000000d8780000,0x00000000d8ad9660,0x00000000d8c80000)
  to   space 5120K, 0% used [0x00000000dac80000,0x00000000dac80000,0x00000000db180000)
 ParOldGen       total 86016K, used 8K [0x0000000083600000, 0x0000000088a00000, 0x00000000d6780000)
  object space 86016K, 0% used [0x0000000083600000,0x0000000083602000,0x0000000088a00000)
 Metaspace       used 7703K, capacity 7918K, committed 8064K, reserved 1056768K
  class space    used 974K, capacity 1065K, committed 1152K, reserved 1048576K
}
Event: 2.087 GC heap before
{Heap before GC invocations=2 (full 0):
 PSYoungGen      total 37888K, used 36197K [0x00000000d6780000, 0x00000000db180000, 0x0000000100000000)
  eden space 32768K, 100% used [0x00000000d6780000,0x00000000d8780000,0x00000000d8780000)
  from space 5120K, 66% used [0x00000000d8780000,0x00000000d8ad9660,0x00000000d8c80000)
  to   space 5120K, 0% used [0x00000000dac80000,0x00000000dac80000,0x00000000db180000)
 ParOldGen       total 86016K, used 8K [0x0000000083600000, 0x0000000088a00000, 0x00000000d6780000)
  object space 86016K, 0% used [0x0000000083600000,0x0000000083602000,0x0000000088a00000)
 Metaspace       used 8921K, capacity 9182K, committed 9216K, reserved 1056768K
  class space    used 1154K, capacity 1249K, committed 1280K, reserved 1048576K
Event: 2.122 GC heap after
Heap after GC invocations=2 (full 0):
 PSYoungGen      total 70656K, used 5106K [0x00000000d6780000, 0x00000000db180000, 0x0000000100000000)
  eden space 65536K, 0% used [0x00000000d6780000,0x00000000d6780000,0x00000000da780000)
  from space 5120K, 99% used [0x00000000dac80000,0x00000000db17cbf8,0x00000000db180000)
  to   space 5120K, 0% used [0x00000000da780000,0x00000000da780000,0x00000000dac80000)
 ParOldGen       total 86016K, used 2321K [0x0000000083600000, 0x0000000088a00000, 0x00000000d6780000)
  object space 86016K, 2% used [0x0000000083600000,0x0000000083844438,0x0000000088a00000)
 Metaspace       used 8921K, capacity 9182K, committed 9216K, reserved 1056768K
  class space    used 1154K, capacity 1249K, committed 1280K, reserved 1048576K
}
Event: 23.485 GC heap before
{Heap before GC invocations=3 (full 0):
 PSYoungGen      total 70656K, used 70642K [0x00000000d6780000, 0x00000000db180000, 0x0000000100000000)
  eden space 65536K, 100% used [0x00000000d6780000,0x00000000da780000,0x00000000da780000)
  from space 5120K, 99% used [0x00000000dac80000,0x00000000db17cbf8,0x00000000db180000)
  to   space 5120K, 0% used [0x00000000da780000,0x00000000da780000,0x00000000dac80000)
 ParOldGen       total 86016K, used 2321K [0x0000000083600000, 0x0000000088a00000, 0x00000000d6780000)
  object space 86016K, 2% used [0x0000000083600000,0x0000000083844438,0x0000000088a00000)
 Metaspace       used 13601K, capacity 13886K, committed 14080K, reserved 1060864K
  class space    used 2062K, capacity 2177K, committed 2304K, reserved 1048576K
Event: 23.606 GC heap after
Heap after GC invocations=3 (full 0):
 PSYoungGen      total 70656K, used 5116K [0x00000000d6780000, 0x00000000df180000, 0x0000000100000000)
  eden space 65536K, 0% used [0x00000000d6780000,0x00000000d6780000,0x00000000da780000)
  from space 5120K, 99% used [0x00000000da780000,0x00000000dac7f0a0,0x00000000dac80000)
  to   space 5120K, 0% used [0x00000000dec80000,0x00000000dec80000,0x00000000df180000)
 ParOldGen       total 86016K, used 5514K [0x0000000083600000, 0x0000000088a00000, 0x00000000d6780000)
  object space 86016K, 6% used [0x0000000083600000,0x0000000083b628a0,0x0000000088a00000)
 Metaspace       used 13601K, capacity 13886K, committed 14080K, reserved 1060864K
  class space    used 2062K, capacity 2177K, committed 2304K, reserved 1048576K
}
Event: 24.574 GC heap before
{Heap before GC invocations=4 (full 0):
 PSYoungGen      total 70656K, used 45237K [0x00000000d6780000, 0x00000000df180000, 0x0000000100000000)
  eden space 65536K, 61% used [0x00000000d6780000,0x00000000d8eae700,0x00000000da780000)
  from space 5120K, 99% used [0x00000000da780000,0x00000000dac7f0a0,0x00000000dac80000)
  to   space 5120K, 0% used [0x00000000dec80000,0x00000000dec80000,0x00000000df180000)
 ParOldGen       total 86016K, used 5514K [0x0000000083600000, 0x0000000088a00000, 0x00000000d6780000)
  object space 86016K, 6% used [0x0000000083600000,0x0000000083b628a0,0x0000000088a00000)
 Metaspace       used 20842K, capacity 21194K, committed 21296K, reserved 1067008K
  class space    used 3564K, capacity 3693K, committed 3712K, reserved 1048576K
Event: 24.582 GC heap after
Heap after GC invocations=4 (full 0):
 PSYoungGen      total 136192K, used 5111K [0x00000000d6780000, 0x00000000df180000, 0x0000000100000000)
  eden space 131072K, 0% used [0x00000000d6780000,0x00000000d6780000,0x00000000de780000)
  from space 5120K, 99% used [0x00000000dec80000,0x00000000df17dda0,0x00000000df180000)
  to   space 5120K, 0% used [0x00000000de780000,0x00000000de780000,0x00000000dec80000)
 ParOldGen       total 86016K, used 11290K [0x0000000083600000, 0x0000000088a00000, 0x00000000d6780000)
  object space 86016K, 13% used [0x0000000083600000,0x0000000084106be0,0x0000000088a00000)
 Metaspace       used 20842K, capacity 21194K, committed 21296K, reserved 1067008K
  class space    used 3564K, capacity 3693K, committed 3712K, reserved 1048576K
}
Event: 24.582 GC heap before
{Heap before GC invocations=5 (full 1):
 PSYoungGen      total 136192K, used 5111K [0x00000000d6780000, 0x00000000df180000, 0x0000000100000000)
  eden space 131072K, 0% used [0x00000000d6780000,0x00000000d6780000,0x00000000de780000)
  from space 5120K, 99% used [0x00000000dec80000,0x00000000df17dda0,0x00000000df180000)
  to   space 5120K, 0% used [0x00000000de780000,0x00000000de780000,0x00000000dec80000)
 ParOldGen       total 86016K, used 11290K [0x0000000083600000, 0x0000000088a00000, 0x00000000d6780000)
  object space 86016K, 13% used [0x0000000083600000,0x0000000084106be0,0x0000000088a00000)
 Metaspace       used 20842K, capacity 21194K, committed 21296K, reserved 1067008K
  class space    used 3564K, capacity 3693K, committed 3712K, reserved 1048576K
Event: 24.633 GC heap after
Heap after GC invocations=5 (full 1):
 PSYoungGen      total 136192K, used 0K [0x00000000d6780000, 0x00000000df180000, 0x0000000100000000)
  eden space 131072K, 0% used [0x00000000d6780000,0x00000000d6780000,0x00000000de780000)
  from space 5120K, 0% used [0x00000000dec80000,0x00000000dec80000,0x00000000df180000)
  to   space 5120K, 0% used [0x00000000de780000,0x00000000de780000,0x00000000dec80000)
 ParOldGen       total 52736K, used 10330K [0x0000000083600000, 0x0000000086980000, 0x00000000d6780000)
  object space 52736K, 19% used [0x0000000083600000,0x0000000084016878,0x0000000086980000)
 Metaspace       used 20842K, capacity 21194K, committed 21296K, reserved 1067008K
  class space    used 3564K, capacity 3693K, committed 3712K, reserved 1048576K
}
Event: 26.094 GC heap before
{Heap before GC invocations=6 (full 1):
 PSYoungGen      total 136192K, used 131072K [0x00000000d6780000, 0x00000000df180000, 0x0000000100000000)
  eden space 131072K, 100% used [0x00000000d6780000,0x00000000de780000,0x00000000de780000)
  from space 5120K, 0% used [0x00000000dec80000,0x00000000dec80000,0x00000000df180000)
  to   space 5120K, 0% used [0x00000000de780000,0x00000000de780000,0x00000000dec80000)
 ParOldGen       total 52736K, used 10330K [0x0000000083600000, 0x0000000086980000, 0x00000000d6780000)
  object space 52736K, 19% used [0x0000000083600000,0x0000000084016878,0x0000000086980000)
 Metaspace       used 27851K, capacity 28234K, committed 28288K, reserved 1073152K
  class space    used 4815K, capacity 4973K, committed 4992K, reserved 1048576K

