# JRE version: Java(TM) SE Runtime Environment (8.0_221-b11) (build 1.8.0_221-b11)
# Java VM: Java HotSpot(TM) 64-Bit Server VM (25.221-b11 mixed mode linux-amd64 compressed oops)
Heap:
 PSYoungGen      total 137728K, used 10724K [0x00000000eab00000, 0x00000000f3c00000, 0x0000000100000000)
  eden space 126976K, 0% used [0x00000000eab00000,0x00000000eab00000,0x00000000f2700000)
  from space 10752K, 99% used [0x00000000f2700000,0x00000000f3179180,0x00000000f3180000)
  to   space 10752K, 0% used [0x00000000f3180000,0x00000000f3180000,0x00000000f3c00000)
 ParOldGen       total 41984K, used 15075K [0x00000000c0000000, 0x00000000c2900000, 0x00000000eab00000)
  object space 41984K, 35% used [0x00000000c0000000,0x00000000c0eb8f80,0x00000000c2900000)
 Metaspace       used 31904K, capacity 32430K, committed 32640K, reserved 1077248K
  class space    used 4459K, capacity 4663K, committed 4736K, reserved 1048576K
GC Heap History (10 events):
Event: 1.460 GC heap after
Heap after GC invocations=3 (full 0):
 PSYoungGen      total 34304K, used 2544K [0x00000000eab00000, 0x00000000eee00000, 0x0000000100000000)
  eden space 31744K, 0% used [0x00000000eab00000,0x00000000eab00000,0x00000000eca00000)
  from space 2560K, 99% used [0x00000000eca00000,0x00000000ecc7c030,0x00000000ecc80000)
  to   space 2560K, 0% used [0x00000000eeb80000,0x00000000eeb80000,0x00000000eee00000)
 ParOldGen       total 42496K, used 2847K [0x00000000c0000000, 0x00000000c2980000, 0x00000000eab00000)
  object space 42496K, 6% used [0x00000000c0000000,0x00000000c02c7db8,0x00000000c2980000)
 Metaspace       used 9627K, capacity 9886K, committed 10240K, reserved 1058816K
  class space    used 1329K, capacity 1421K, committed 1536K, reserved 1048576K
}
Event: 2.306 GC heap before
{Heap before GC invocations=4 (full 0):
 PSYoungGen      total 34304K, used 34288K [0x00000000eab00000, 0x00000000eee00000, 0x0000000100000000)
  eden space 31744K, 100% used [0x00000000eab00000,0x00000000eca00000,0x00000000eca00000)
  from space 2560K, 99% used [0x00000000eca00000,0x00000000ecc7c030,0x00000000ecc80000)
  to   space 2560K, 0% used [0x00000000eeb80000,0x00000000eeb80000,0x00000000eee00000)
 ParOldGen       total 42496K, used 2847K [0x00000000c0000000, 0x00000000c2980000, 0x00000000eab00000)
  object space 42496K, 6% used [0x00000000c0000000,0x00000000c02c7db8,0x00000000c2980000)
 Metaspace       used 13227K, capacity 13502K, committed 13824K, reserved 1060864K
  class space    used 1924K, capacity 2019K, committed 2048K, reserved 1048576K
Event: 2.314 GC heap after
Heap after GC invocations=4 (full 0):
 PSYoungGen      total 66048K, used 2528K [0x00000000eab00000, 0x00000000eee00000, 0x0000000100000000)
  eden space 63488K, 0% used [0x00000000eab00000,0x00000000eab00000,0x00000000ee900000)
  from space 2560K, 98% used [0x00000000eeb80000,0x00000000eedf8020,0x00000000eee00000)
  to   space 2560K, 0% used [0x00000000ee900000,0x00000000ee900000,0x00000000eeb80000)
 ParOldGen       total 42496K, used 6603K [0x00000000c0000000, 0x00000000c2980000, 0x00000000eab00000)
  object space 42496K, 15% used [0x00000000c0000000,0x00000000c0672d98,0x00000000c2980000)
 Metaspace       used 13227K, capacity 13502K, committed 13824K, reserved 1060864K
  class space    used 1924K, capacity 2019K, committed 2048K, reserved 1048576K
}
Event: 3.592 GC heap before
{Heap before GC invocations=5 (full 0):
 PSYoungGen      total 66048K, used 66016K [0x00000000eab00000, 0x00000000eee00000, 0x0000000100000000)
  eden space 63488K, 100% used [0x00000000eab00000,0x00000000ee900000,0x00000000ee900000)
  from space 2560K, 98% used [0x00000000eeb80000,0x00000000eedf8020,0x00000000eee00000)
  to   space 2560K, 0% used [0x00000000ee900000,0x00000000ee900000,0x00000000eeb80000)
 ParOldGen       total 42496K, used 6603K [0x00000000c0000000, 0x00000000c2980000, 0x00000000eab00000)
  object space 42496K, 15% used [0x00000000c0000000,0x00000000c0672d98,0x00000000c2980000)
 Metaspace       used 19961K, capacity 20328K, committed 20608K, reserved 1067008K
  class space    used 2956K, capacity 3094K, committed 3200K, reserved 1048576K
Event: 3.600 GC heap after
Heap after GC invocations=5 (full 0):
 PSYoungGen      total 66048K, used 2544K [0x00000000eab00000, 0x00000000f3c00000, 0x0000000100000000)
  eden space 63488K, 0% used [0x00000000eab00000,0x00000000eab00000,0x00000000ee900000)
  from space 2560K, 99% used [0x00000000ee900000,0x00000000eeb7c020,0x00000000eeb80000)
  to   space 10752K, 0% used [0x00000000f3180000,0x00000000f3180000,0x00000000f3c00000)
 ParOldGen       total 42496K, used 14517K [0x00000000c0000000, 0x00000000c2980000, 0x00000000eab00000)
  object space 42496K, 34% used [0x00000000c0000000,0x00000000c0e2d768,0x00000000c2980000)
 Metaspace       used 19961K, capacity 20328K, committed 20608K, reserved 1067008K
  class space    used 2956K, capacity 3094K, committed 3200K, reserved 1048576K
}
Event: 3.777 GC heap before
{Heap before GC invocations=6 (full 0):
 PSYoungGen      total 66048K, used 8861K [0x00000000eab00000, 0x00000000f3c00000, 0x0000000100000000)
  eden space 63488K, 9% used [0x00000000eab00000,0x00000000eb12b420,0x00000000ee900000)
  from space 2560K, 99% used [0x00000000ee900000,0x00000000eeb7c020,0x00000000eeb80000)
  to   space 10752K, 0% used [0x00000000f3180000,0x00000000f3180000,0x00000000f3c00000)
 ParOldGen       total 42496K, used 14517K [0x00000000c0000000, 0x00000000c2980000, 0x00000000eab00000)
  object space 42496K, 34% used [0x00000000c0000000,0x00000000c0e2d768,0x00000000c2980000)
 Metaspace       used 20737K, capacity 21102K, committed 21296K, reserved 1067008K
  class space    used 3010K, capacity 3159K, committed 3200K, reserved 1048576K
Event: 3.784 GC heap after
Heap after GC invocations=6 (full 0):
 PSYoungGen      total 137728K, used 3353K [0x00000000eab00000, 0x00000000f3c00000, 0x0000000100000000)
  eden space 126976K, 0% used [0x00000000eab00000,0x00000000eab00000,0x00000000f2700000)
  from space 10752K, 31% used [0x00000000f3180000,0x00000000f34c6428,0x00000000f3c00000)
  to   space 10752K, 0% used [0x00000000f2700000,0x00000000f2700000,0x00000000f3180000)
 ParOldGen       total 42496K, used 14525K [0x00000000c0000000, 0x00000000c2980000, 0x00000000eab00000)
  object space 42496K, 34% used [0x00000000c0000000,0x00000000c0e2f768,0x00000000c2980000)
 Metaspace       used 20737K, capacity 21102K, committed 21296K, reserved 1067008K
  class space    used 3010K, capacity 3159K, committed 3200K, reserved 1048576K
}
Event: 3.784 GC heap before
{Heap before GC invocations=7 (full 1):
 PSYoungGen      total 137728K, used 3353K [0x00000000eab00000, 0x00000000f3c00000, 0x0000000100000000)
  eden space 126976K, 0% used [0x00000000eab00000,0x00000000eab00000,0x00000000f2700000)
  from space 10752K, 31% used [0x00000000f3180000,0x00000000f34c6428,0x00000000f3c00000)
  to   space 10752K, 0% used [0x00000000f2700000,0x00000000f2700000,0x00000000f3180000)
 ParOldGen       total 42496K, used 14525K [0x00000000c0000000, 0x00000000c2980000, 0x00000000eab00000)
  object space 42496K, 34% used [0x00000000c0000000,0x00000000c0e2f768,0x00000000c2980000)
 Metaspace       used 20737K, capacity 21102K, committed 21296K, reserved 1067008K
  class space    used 3010K, capacity 3159K, committed 3200K, reserved 1048576K
Event: 3.824 GC heap after
Heap after GC invocations=7 (full 1):
 PSYoungGen      total 137728K, used 0K [0x00000000eab00000, 0x00000000f3c00000, 0x0000000100000000)
  eden space 126976K, 0% used [0x00000000eab00000,0x00000000eab00000,0x00000000f2700000)
  from space 10752K, 0% used [0x00000000f3180000,0x00000000f3180000,0x00000000f3c00000)
  to   space 10752K, 0% used [0x00000000f2700000,0x00000000f2700000,0x00000000f3180000)
 ParOldGen       total 41984K, used 12188K [0x00000000c0000000, 0x00000000c2900000, 0x00000000eab00000)
  object space 41984K, 29% used [0x00000000c0000000,0x00000000c0be7240,0x00000000c2900000)
 Metaspace       used 20737K, capacity 21102K, committed 21296K, reserved 1067008K
  class space    used 3010K, capacity 3159K, committed 3200K, reserved 1048576K
}
Event: 6.118 GC heap before
{Heap before GC invocations=8 (full 1):
 PSYoungGen      total 137728K, used 126976K [0x00000000eab00000, 0x00000000f3c00000, 0x0000000100000000)
  eden space 126976K, 100% used [0x00000000eab00000,0x00000000f2700000,0x00000000f2700000)
  from space 10752K, 0% used [0x00000000f3180000,0x00000000f3180000,0x00000000f3c00000)
  to   space 10752K, 0% used [0x00000000f2700000,0x00000000f2700000,0x00000000f3180000)
 ParOldGen       total 41984K, used 12188K [0x00000000c0000000, 0x00000000c2900000, 0x00000000eab00000)
  object space 41984K, 29% used [0x00000000c0000000,0x00000000c0be7240,0x00000000c2900000)
 Metaspace       used 31904K, capacity 32430K, committed 32640K, reserved 1077248K
  class space    used 4459K, capacity 4663K, committed 4736K, reserved 1048576K

