# JRE version: Java(TM) SE Runtime Environment (8.0_221-b11) (build 1.8.0_221-b11)
# Java VM: Java HotSpot(TM) 64-Bit Server VM (25.221-b11 mixed mode linux-amd64 compressed oops)
Heap:
 PSYoungGen      total 238080K, used 12690K [0x00000000eb700000, 0x00000000fbc00000, 0x0000000100000000)
  eden space 220672K, 0% used [0x00000000eb700000,0x00000000eb700000,0x00000000f8e80000)
  from space 17408K, 72% used [0x00000000f9a00000,0x00000000fa664ac0,0x00000000fab00000)
  to   space 12800K, 0% used [0x00000000faf80000,0x00000000faf80000,0x00000000fbc00000)
 ParOldGen       total 52736K, used 32753K [0x00000000c2400000, 0x00000000c5780000, 0x00000000eb700000)
  object space 52736K, 62% used [0x00000000c2400000,0x00000000c43fc6a8,0x00000000c5780000)
 Metaspace       used 87471K, capacity 96670K, committed 96788K, reserved 1132544K
  class space    used 12167K, capacity 13050K, committed 13116K, reserved 1048576K
GC Heap History (10 events):
Event: 6.816 GC heap after
Heap after GC invocations=11 (full 2):
 PSYoungGen      total 130048K, used 0K [0x00000000eb700000, 0x00000000f7200000, 0x0000000100000000)
  eden space 121856K, 0% used [0x00000000eb700000,0x00000000eb700000,0x00000000f2e00000)
  from space 8192K, 0% used [0x00000000f2e00000,0x00000000f2e00000,0x00000000f3600000)
  to   space 8192K, 0% used [0x00000000f6a00000,0x00000000f6a00000,0x00000000f7200000)
 ParOldGen       total 36352K, used 9987K [0x00000000c2400000, 0x00000000c4780000, 0x00000000eb700000)
  object space 36352K, 27% used [0x00000000c2400000,0x00000000c2dc0f90,0x00000000c4780000)
 Metaspace       used 33502K, capacity 35320K, committed 35416K, reserved 1079296K
  class space    used 4697K, capacity 4910K, committed 4992K, reserved 1048576K
}
Event: 9.018 GC heap before
{Heap before GC invocations=12 (full 2):
 PSYoungGen      total 130048K, used 121856K [0x00000000eb700000, 0x00000000f7200000, 0x0000000100000000)
  eden space 121856K, 100% used [0x00000000eb700000,0x00000000f2e00000,0x00000000f2e00000)
  from space 8192K, 0% used [0x00000000f2e00000,0x00000000f2e00000,0x00000000f3600000)
  to   space 8192K, 0% used [0x00000000f6a00000,0x00000000f6a00000,0x00000000f7200000)
 ParOldGen       total 36352K, used 9987K [0x00000000c2400000, 0x00000000c4780000, 0x00000000eb700000)
  object space 36352K, 27% used [0x00000000c2400000,0x00000000c2dc0f90,0x00000000c4780000)
 Metaspace       used 49528K, capacity 51570K, committed 51928K, reserved 1093632K
  class space    used 6553K, capacity 6788K, committed 6912K, reserved 1048576K
Event: 9.042 GC heap after
Heap after GC invocations=12 (full 2):
 PSYoungGen      total 178688K, used 8190K [0x00000000eb700000, 0x00000000f7b00000, 0x0000000100000000)
  eden space 170496K, 0% used [0x00000000eb700000,0x00000000eb700000,0x00000000f5d80000)
  from space 8192K, 99% used [0x00000000f6a00000,0x00000000f71ffaf8,0x00000000f7200000)
  to   space 12800K, 0% used [0x00000000f5d80000,0x00000000f5d80000,0x00000000f6a00000)
 ParOldGen       total 36352K, used 20260K [0x00000000c2400000, 0x00000000c4780000, 0x00000000eb700000)
  object space 36352K, 55% used [0x00000000c2400000,0x00000000c37c9328,0x00000000c4780000)
 Metaspace       used 49528K, capacity 51570K, committed 51928K, reserved 1093632K
  class space    used 6553K, capacity 6788K, committed 6912K, reserved 1048576K
}
Event: 10.079 GC heap before
{Heap before GC invocations=13 (full 2):
 PSYoungGen      total 178688K, used 61829K [0x00000000eb700000, 0x00000000f7b00000, 0x0000000100000000)
  eden space 170496K, 31% used [0x00000000eb700000,0x00000000eeb61ac8,0x00000000f5d80000)
  from space 8192K, 99% used [0x00000000f6a00000,0x00000000f71ffaf8,0x00000000f7200000)
  to   space 12800K, 0% used [0x00000000f5d80000,0x00000000f5d80000,0x00000000f6a00000)
 ParOldGen       total 36352K, used 20260K [0x00000000c2400000, 0x00000000c4780000, 0x00000000eb700000)
  object space 36352K, 55% used [0x00000000c2400000,0x00000000c37c9328,0x00000000c4780000)
 Metaspace       used 56473K, capacity 58966K, committed 59028K, reserved 1101824K
  class space    used 7364K, capacity 7605K, committed 7612K, reserved 1048576K
Event: 10.094 GC heap after
Heap after GC invocations=13 (full 2):
 PSYoungGen      total 183296K, used 6708K [0x00000000eb700000, 0x00000000fbc00000, 0x0000000100000000)
  eden space 170496K, 0% used [0x00000000eb700000,0x00000000eb700000,0x00000000f5d80000)
  from space 12800K, 52% used [0x00000000f5d80000,0x00000000f640d2b8,0x00000000f6a00000)
  to   space 12800K, 0% used [0x00000000faf80000,0x00000000faf80000,0x00000000fbc00000)
 ParOldGen       total 36352K, used 23851K [0x00000000c2400000, 0x00000000c4780000, 0x00000000eb700000)
  object space 36352K, 65% used [0x00000000c2400000,0x00000000c3b4acd8,0x00000000c4780000)
 Metaspace       used 56473K, capacity 58966K, committed 59028K, reserved 1101824K
  class space    used 7364K, capacity 7605K, committed 7612K, reserved 1048576K
}
Event: 10.095 GC heap before
{Heap before GC invocations=14 (full 3):
 PSYoungGen      total 183296K, used 6708K [0x00000000eb700000, 0x00000000fbc00000, 0x0000000100000000)
  eden space 170496K, 0% used [0x00000000eb700000,0x00000000eb700000,0x00000000f5d80000)
  from space 12800K, 52% used [0x00000000f5d80000,0x00000000f640d2b8,0x00000000f6a00000)
  to   space 12800K, 0% used [0x00000000faf80000,0x00000000faf80000,0x00000000fbc00000)
 ParOldGen       total 36352K, used 23851K [0x00000000c2400000, 0x00000000c4780000, 0x00000000eb700000)
  object space 36352K, 65% used [0x00000000c2400000,0x00000000c3b4acd8,0x00000000c4780000)
 Metaspace       used 56473K, capacity 58966K, committed 59028K, reserved 1101824K
  class space    used 7364K, capacity 7605K, committed 7612K, reserved 1048576K
Event: 10.249 GC heap after
Heap after GC invocations=14 (full 3):
 PSYoungGen      total 183296K, used 0K [0x00000000eb700000, 0x00000000fbc00000, 0x0000000100000000)
  eden space 170496K, 0% used [0x00000000eb700000,0x00000000eb700000,0x00000000f5d80000)
  from space 12800K, 0% used [0x00000000f5d80000,0x00000000f5d80000,0x00000000f6a00000)
  to   space 12800K, 0% used [0x00000000faf80000,0x00000000faf80000,0x00000000fbc00000)
 ParOldGen       total 52736K, used 16838K [0x00000000c2400000, 0x00000000c5780000, 0x00000000eb700000)
  object space 52736K, 31% used [0x00000000c2400000,0x00000000c3471b08,0x00000000c5780000)
 Metaspace       used 56473K, capacity 58966K, committed 59028K, reserved 1101824K
  class space    used 7364K, capacity 7605K, committed 7612K, reserved 1048576K
}
Event: 14.307 GC heap before
{Heap before GC invocations=15 (full 3):
 PSYoungGen      total 183296K, used 170496K [0x00000000eb700000, 0x00000000fbc00000, 0x0000000100000000)
  eden space 170496K, 100% used [0x00000000eb700000,0x00000000f5d80000,0x00000000f5d80000)
  from space 12800K, 0% used [0x00000000f5d80000,0x00000000f5d80000,0x00000000f6a00000)
  to   space 12800K, 0% used [0x00000000faf80000,0x00000000faf80000,0x00000000fbc00000)
 ParOldGen       total 52736K, used 16838K [0x00000000c2400000, 0x00000000c5780000, 0x00000000eb700000)
  object space 52736K, 31% used [0x00000000c2400000,0x00000000c3471b08,0x00000000c5780000)
 Metaspace       used 77301K, capacity 82178K, committed 82324K, reserved 1120256K
  class space    used 10497K, capacity 10849K, committed 10940K, reserved 1048576K
Event: 14.330 GC heap after
Heap after GC invocations=15 (full 3):
 PSYoungGen      total 233472K, used 12773K [0x00000000eb700000, 0x00000000fbc00000, 0x0000000100000000)
  eden space 220672K, 0% used [0x00000000eb700000,0x00000000eb700000,0x00000000f8e80000)
  from space 12800K, 99% used [0x00000000faf80000,0x00000000fbbf9578,0x00000000fbc00000)
  to   space 17408K, 0% used [0x00000000f9a00000,0x00000000f9a00000,0x00000000fab00000)
 ParOldGen       total 52736K, used 25434K [0x00000000c2400000, 0x00000000c5780000, 0x00000000eb700000)
  object space 52736K, 48% used [0x00000000c2400000,0x00000000c3cd68f0,0x00000000c5780000)
 Metaspace       used 77301K, capacity 82178K, committed 82324K, reserved 1120256K
  class space    used 10497K, capacity 10849K, committed 10940K, reserved 1048576K
}
Event: 18.134 GC heap before
{Heap before GC invocations=16 (full 3):
 PSYoungGen      total 233472K, used 233445K [0x00000000eb700000, 0x00000000fbc00000, 0x0000000100000000)
  eden space 220672K, 100% used [0x00000000eb700000,0x00000000f8e80000,0x00000000f8e80000)
  from space 12800K, 99% used [0x00000000faf80000,0x00000000fbbf9578,0x00000000fbc00000)
  to   space 17408K, 0% used [0x00000000f9a00000,0x00000000f9a00000,0x00000000fab00000)
 ParOldGen       total 52736K, used 25434K [0x00000000c2400000, 0x00000000c5780000, 0x00000000eb700000)
  object space 52736K, 48% used [0x00000000c2400000,0x00000000c3cd68f0,0x00000000c5780000)
 Metaspace       used 87471K, capacity 96670K, committed 96788K, reserved 1132544K
  class space    used 12167K, capacity 13050K, committed 13116K, reserved 1048576K

