# JRE version: Java(TM) SE Runtime Environment (8.0_221-b11) (build 1.8.0_221-b11)
# Java VM: Java HotSpot(TM) 64-Bit Server VM (25.221-b11 mixed mode linux-amd64 compressed oops)
Heap:
 PSYoungGen      total 228352K, used 10712K [0x00000000eb700000, 0x00000000fa680000, 0x0000000100000000)
  eden space 211968K, 0% used [0x00000000eb700000,0x00000000eb700000,0x00000000f8600000)
  from space 16384K, 65% used [0x00000000f8600000,0x00000000f90763b0,0x00000000f9600000)
  to   space 16384K, 0% used [0x00000000f9600000,0x00000000f9600000,0x00000000fa600000)
 ParOldGen       total 85504K, used 28695K [0x00000000c2400000, 0x00000000c7780000, 0x00000000eb700000)
  object space 85504K, 33% used [0x00000000c2400000,0x00000000c4005c78,0x00000000c7780000)
 Metaspace       used 96674K, capacity 108316K, committed 108564K, reserved 1142784K
  class space    used 13436K, capacity 14554K, committed 14652K, reserved 1048576K
GC Heap History (10 events):
Event: 16.355 GC heap after
Heap after GC invocations=18 (full 3):
 PSYoungGen      total 165888K, used 10761K [0x00000000eb700000, 0x00000000f8a80000, 0x0000000100000000)
  eden space 150016K, 0% used [0x00000000eb700000,0x00000000eb700000,0x00000000f4980000)
  from space 15872K, 67% used [0x00000000f4980000,0x00000000f5402768,0x00000000f5900000)
  to   space 16384K, 0% used [0x00000000f7a80000,0x00000000f7a80000,0x00000000f8a80000)
 ParOldGen       total 61440K, used 29786K [0x00000000c2400000, 0x00000000c6000000, 0x00000000eb700000)
  object space 61440K, 48% used [0x00000000c2400000,0x00000000c41168a0,0x00000000c6000000)
 Metaspace       used 86309K, capacity 95260K, committed 95508K, reserved 1132544K
  class space    used 11979K, capacity 12831K, committed 12860K, reserved 1048576K
}
Event: 17.543 GC heap before
{Heap before GC invocations=19 (full 3):
 PSYoungGen      total 165888K, used 120241K [0x00000000eb700000, 0x00000000f8a80000, 0x0000000100000000)
  eden space 150016K, 72% used [0x00000000eb700000,0x00000000f21e9d20,0x00000000f4980000)
  from space 15872K, 67% used [0x00000000f4980000,0x00000000f5402768,0x00000000f5900000)
  to   space 16384K, 0% used [0x00000000f7a80000,0x00000000f7a80000,0x00000000f8a80000)
 ParOldGen       total 61440K, used 29786K [0x00000000c2400000, 0x00000000c6000000, 0x00000000eb700000)
  object space 61440K, 48% used [0x00000000c2400000,0x00000000c41168a0,0x00000000c6000000)
 Metaspace       used 88983K, capacity 98314K, committed 98380K, reserved 1134592K
  class space    used 12330K, capacity 13214K, committed 13244K, reserved 1048576K
Event: 17.572 GC heap after
Heap after GC invocations=19 (full 3):
 PSYoungGen      total 199168K, used 12007K [0x00000000eb700000, 0x00000000f8f80000, 0x0000000100000000)
  eden space 182784K, 0% used [0x00000000eb700000,0x00000000eb700000,0x00000000f6980000)
  from space 16384K, 73% used [0x00000000f7a80000,0x00000000f8639dd0,0x00000000f8a80000)
  to   space 17408K, 0% used [0x00000000f6980000,0x00000000f6980000,0x00000000f7a80000)
 ParOldGen       total 61440K, used 29794K [0x00000000c2400000, 0x00000000c6000000, 0x00000000eb700000)
  object space 61440K, 48% used [0x00000000c2400000,0x00000000c41188a0,0x00000000c6000000)
 Metaspace       used 88983K, capacity 98314K, committed 98380K, reserved 1134592K
  class space    used 12330K, capacity 13214K, committed 13244K, reserved 1048576K
}
Event: 17.572 GC heap before
{Heap before GC invocations=20 (full 4):
 PSYoungGen      total 199168K, used 12007K [0x00000000eb700000, 0x00000000f8f80000, 0x0000000100000000)
  eden space 182784K, 0% used [0x00000000eb700000,0x00000000eb700000,0x00000000f6980000)
  from space 16384K, 73% used [0x00000000f7a80000,0x00000000f8639dd0,0x00000000f8a80000)
  to   space 17408K, 0% used [0x00000000f6980000,0x00000000f6980000,0x00000000f7a80000)
 ParOldGen       total 61440K, used 29794K [0x00000000c2400000, 0x00000000c6000000, 0x00000000eb700000)
  object space 61440K, 48% used [0x00000000c2400000,0x00000000c41188a0,0x00000000c6000000)
 Metaspace       used 88983K, capacity 98314K, committed 98380K, reserved 1134592K
  class space    used 12330K, capacity 13214K, committed 13244K, reserved 1048576K
Event: 17.691 GC heap after
Heap after GC invocations=20 (full 4):
 PSYoungGen      total 199168K, used 0K [0x00000000eb700000, 0x00000000f8f80000, 0x0000000100000000)
  eden space 182784K, 0% used [0x00000000eb700000,0x00000000eb700000,0x00000000f6980000)
  from space 16384K, 0% used [0x00000000f7a80000,0x00000000f7a80000,0x00000000f8a80000)
  to   space 17408K, 0% used [0x00000000f6980000,0x00000000f6980000,0x00000000f7a80000)
 ParOldGen       total 85504K, used 28679K [0x00000000c2400000, 0x00000000c7780000, 0x00000000eb700000)
  object space 85504K, 33% used [0x00000000c2400000,0x00000000c4001c78,0x00000000c7780000)
 Metaspace       used 88983K, capacity 98314K, committed 98380K, reserved 1134592K
  class space    used 12330K, capacity 13214K, committed 13244K, reserved 1048576K
}
Event: 21.301 GC heap before
{Heap before GC invocations=21 (full 4):
 PSYoungGen      total 199168K, used 182784K [0x00000000eb700000, 0x00000000f8f80000, 0x0000000100000000)
  eden space 182784K, 100% used [0x00000000eb700000,0x00000000f6980000,0x00000000f6980000)
  from space 16384K, 0% used [0x00000000f7a80000,0x00000000f7a80000,0x00000000f8a80000)
  to   space 17408K, 0% used [0x00000000f6980000,0x00000000f6980000,0x00000000f7a80000)
 ParOldGen       total 85504K, used 28679K [0x00000000c2400000, 0x00000000c7780000, 0x00000000eb700000)
  object space 85504K, 33% used [0x00000000c2400000,0x00000000c4001c78,0x00000000c7780000)
 Metaspace       used 92341K, capacity 102280K, committed 102548K, reserved 1138688K
  class space    used 12727K, capacity 13679K, committed 13756K, reserved 1048576K
Event: 21.334 GC heap after
Heap after GC invocations=21 (full 4):
 PSYoungGen      total 200192K, used 6908K [0x00000000eb700000, 0x00000000fa600000, 0x0000000100000000)
  eden space 182784K, 0% used [0x00000000eb700000,0x00000000eb700000,0x00000000f6980000)
  from space 17408K, 39% used [0x00000000f6980000,0x00000000f703f2f0,0x00000000f7a80000)
  to   space 16384K, 0% used [0x00000000f9600000,0x00000000f9600000,0x00000000fa600000)
 ParOldGen       total 85504K, used 28687K [0x00000000c2400000, 0x00000000c7780000, 0x00000000eb700000)
  object space 85504K, 33% used [0x00000000c2400000,0x00000000c4003c78,0x00000000c7780000)
 Metaspace       used 92341K, capacity 102280K, committed 102548K, reserved 1138688K
  class space    used 12727K, capacity 13679K, committed 13756K, reserved 1048576K
}
Event: 22.370 GC heap before
{Heap before GC invocations=22 (full 4):
 PSYoungGen      total 200192K, used 189692K [0x00000000eb700000, 0x00000000fa600000, 0x0000000100000000)
  eden space 182784K, 100% used [0x00000000eb700000,0x00000000f6980000,0x00000000f6980000)
  from space 17408K, 39% used [0x00000000f6980000,0x00000000f703f2f0,0x00000000f7a80000)
  to   space 16384K, 0% used [0x00000000f9600000,0x00000000f9600000,0x00000000fa600000)
 ParOldGen       total 85504K, used 28687K [0x00000000c2400000, 0x00000000c7780000, 0x00000000eb700000)
  object space 85504K, 33% used [0x00000000c2400000,0x00000000c4003c78,0x00000000c7780000)
 Metaspace       used 92966K, capacity 103060K, committed 103316K, reserved 1138688K
  class space    used 12766K, capacity 13715K, committed 13756K, reserved 1048576K
Event: 22.391 GC heap after
Heap after GC invocations=22 (full 4):
 PSYoungGen      total 228352K, used 10352K [0x00000000eb700000, 0x00000000fa680000, 0x0000000100000000)
  eden space 211968K, 0% used [0x00000000eb700000,0x00000000eb700000,0x00000000f8600000)
  from space 16384K, 63% used [0x00000000f9600000,0x00000000fa01c108,0x00000000fa600000)
  to   space 16384K, 0% used [0x00000000f8600000,0x00000000f8600000,0x00000000f9600000)
 ParOldGen       total 85504K, used 28687K [0x00000000c2400000, 0x00000000c7780000, 0x00000000eb700000)
  object space 85504K, 33% used [0x00000000c2400000,0x00000000c4003c78,0x00000000c7780000)
 Metaspace       used 92966K, capacity 103060K, committed 103316K, reserved 1138688K
  class space    used 12766K, capacity 13715K, committed 13756K, reserved 1048576K
}
Event: 31.986 GC heap before
{Heap before GC invocations=23 (full 4):
 PSYoungGen      total 228352K, used 222320K [0x00000000eb700000, 0x00000000fa680000, 0x0000000100000000)
  eden space 211968K, 100% used [0x00000000eb700000,0x00000000f8600000,0x00000000f8600000)
  from space 16384K, 63% used [0x00000000f9600000,0x00000000fa01c108,0x00000000fa600000)
  to   space 16384K, 0% used [0x00000000f8600000,0x00000000f8600000,0x00000000f9600000)
 ParOldGen       total 85504K, used 28687K [0x00000000c2400000, 0x00000000c7780000, 0x00000000eb700000)
  object space 85504K, 33% used [0x00000000c2400000,0x00000000c4003c78,0x00000000c7780000)
 Metaspace       used 96674K, capacity 108316K, committed 108564K, reserved 1142784K
  class space    used 13436K, capacity 14554K, committed 14652K, reserved 1048576K

