# JRE version: Java(TM) SE Runtime Environment (8.0_221-b11) (build 1.8.0_221-b11)
# Java VM: Java HotSpot(TM) 64-Bit Server VM (25.221-b11 mixed mode linux-amd64 compressed oops)
Heap:
 PSYoungGen      total 136192K, used 5088K [0x00000000d6780000, 0x00000000df180000, 0x0000000100000000)
  eden space 131072K, 0% used [0x00000000d6780000,0x00000000d6780000,0x00000000de780000)
  from space 5120K, 99% used [0x00000000de780000,0x00000000dec78070,0x00000000dec80000)
  to   space 5120K, 0% used [0x00000000dec80000,0x00000000dec80000,0x00000000df180000)
 ParOldGen       total 58368K, used 55217K [0x0000000083600000, 0x0000000086f00000, 0x00000000d6780000)
  object space 58368K, 94% used [0x0000000083600000,0x0000000086bec488,0x0000000086f00000)
 Metaspace       used 34119K, capacity 35027K, committed 35248K, reserved 1079296K
  class space    used 5347K, capacity 5528K, committed 5552K, reserved 1048576K
GC Heap History (10 events):
Event: 0.682 GC heap after
Heap after GC invocations=1 (full 0):
 PSYoungGen      total 37888K, used 3410K [0x00000000d6780000, 0x00000000db180000, 0x0000000100000000)
  eden space 32768K, 0% used [0x00000000d6780000,0x00000000d6780000,0x00000000d8780000)
  from space 5120K, 66% used [0x00000000d8780000,0x00000000d8ad4a10,0x00000000d8c80000)
  to   space 5120K, 0% used [0x00000000dac80000,0x00000000dac80000,0x00000000db180000)
 ParOldGen       total 86016K, used 16K [0x0000000083600000, 0x0000000088a00000, 0x00000000d6780000)
  object space 86016K, 0% used [0x0000000083600000,0x0000000083604000,0x0000000088a00000)
 Metaspace       used 7703K, capacity 7858K, committed 8064K, reserved 1056768K
  class space    used 974K, capacity 1065K, committed 1152K, reserved 1048576K
}
Event: 1.018 GC heap before
{Heap before GC invocations=2 (full 0):
 PSYoungGen      total 37888K, used 36178K [0x00000000d6780000, 0x00000000db180000, 0x0000000100000000)
  eden space 32768K, 100% used [0x00000000d6780000,0x00000000d8780000,0x00000000d8780000)
  from space 5120K, 66% used [0x00000000d8780000,0x00000000d8ad4a10,0x00000000d8c80000)
  to   space 5120K, 0% used [0x00000000dac80000,0x00000000dac80000,0x00000000db180000)
 ParOldGen       total 86016K, used 16K [0x0000000083600000, 0x0000000088a00000, 0x00000000d6780000)
  object space 86016K, 0% used [0x0000000083600000,0x0000000083604000,0x0000000088a00000)
 Metaspace       used 8886K, capacity 9186K, committed 9472K, reserved 1056768K
  class space    used 1154K, capacity 1249K, committed 1280K, reserved 1048576K
Event: 1.034 GC heap after
Heap after GC invocations=2 (full 0):
 PSYoungGen      total 70656K, used 5118K [0x00000000d6780000, 0x00000000db180000, 0x0000000100000000)
  eden space 65536K, 0% used [0x00000000d6780000,0x00000000d6780000,0x00000000da780000)
  from space 5120K, 99% used [0x00000000dac80000,0x00000000db17fb80,0x00000000db180000)
  to   space 5120K, 0% used [0x00000000da780000,0x00000000da780000,0x00000000dac80000)
 ParOldGen       total 86016K, used 2242K [0x0000000083600000, 0x0000000088a00000, 0x00000000d6780000)
  object space 86016K, 2% used [0x0000000083600000,0x0000000083830918,0x0000000088a00000)
 Metaspace       used 8886K, capacity 9186K, committed 9472K, reserved 1056768K
  class space    used 1154K, capacity 1249K, committed 1280K, reserved 1048576K
}
Event: 1.688 GC heap before
{Heap before GC invocations=3 (full 0):
 PSYoungGen      total 70656K, used 70654K [0x00000000d6780000, 0x00000000db180000, 0x0000000100000000)
  eden space 65536K, 100% used [0x00000000d6780000,0x00000000da780000,0x00000000da780000)
  from space 5120K, 99% used [0x00000000dac80000,0x00000000db17fb80,0x00000000db180000)
  to   space 5120K, 0% used [0x00000000da780000,0x00000000da780000,0x00000000dac80000)
 ParOldGen       total 86016K, used 2242K [0x0000000083600000, 0x0000000088a00000, 0x00000000d6780000)
  object space 86016K, 2% used [0x0000000083600000,0x0000000083830918,0x0000000088a00000)
 Metaspace       used 13708K, capacity 14018K, committed 14336K, reserved 1060864K
  class space    used 2086K, capacity 2177K, committed 2304K, reserved 1048576K
Event: 1.717 GC heap after
Heap after GC invocations=3 (full 0):
 PSYoungGen      total 70656K, used 5096K [0x00000000d6780000, 0x00000000df180000, 0x0000000100000000)
  eden space 65536K, 0% used [0x00000000d6780000,0x00000000d6780000,0x00000000da780000)
  from space 5120K, 99% used [0x00000000da780000,0x00000000dac7a060,0x00000000dac80000)
  to   space 5120K, 0% used [0x00000000dec80000,0x00000000dec80000,0x00000000df180000)
 ParOldGen       total 86016K, used 5633K [0x0000000083600000, 0x0000000088a00000, 0x00000000d6780000)
  object space 86016K, 6% used [0x0000000083600000,0x0000000083b80410,0x0000000088a00000)
 Metaspace       used 13708K, capacity 14018K, committed 14336K, reserved 1060864K
  class space    used 2086K, capacity 2177K, committed 2304K, reserved 1048576K
}
Event: 2.379 GC heap before
{Heap before GC invocations=4 (full 0):
 PSYoungGen      total 70656K, used 36369K [0x00000000d6780000, 0x00000000df180000, 0x0000000100000000)
  eden space 65536K, 47% used [0x00000000d6780000,0x00000000d860a770,0x00000000da780000)
  from space 5120K, 99% used [0x00000000da780000,0x00000000dac7a060,0x00000000dac80000)
  to   space 5120K, 0% used [0x00000000dec80000,0x00000000dec80000,0x00000000df180000)
 ParOldGen       total 86016K, used 5633K [0x0000000083600000, 0x0000000088a00000, 0x00000000d6780000)
  object space 86016K, 6% used [0x0000000083600000,0x0000000083b80410,0x0000000088a00000)
 Metaspace       used 20831K, capacity 21212K, committed 21296K, reserved 1067008K
  class space    used 3219K, capacity 3362K, committed 3376K, reserved 1048576K
Event: 2.388 GC heap after
Heap after GC invocations=4 (full 0):
 PSYoungGen      total 136192K, used 5109K [0x00000000d6780000, 0x00000000df180000, 0x0000000100000000)
  eden space 131072K, 0% used [0x00000000d6780000,0x00000000d6780000,0x00000000de780000)
  from space 5120K, 99% used [0x00000000dec80000,0x00000000df17d650,0x00000000df180000)
  to   space 5120K, 0% used [0x00000000de780000,0x00000000de780000,0x00000000dec80000)
 ParOldGen       total 86016K, used 10387K [0x0000000083600000, 0x0000000088a00000, 0x00000000d6780000)
  object space 86016K, 12% used [0x0000000083600000,0x0000000084024ea8,0x0000000088a00000)
 Metaspace       used 20831K, capacity 21212K, committed 21296K, reserved 1067008K
  class space    used 3219K, capacity 3362K, committed 3376K, reserved 1048576K
}
Event: 2.388 GC heap before
{Heap before GC invocations=5 (full 1):
 PSYoungGen      total 136192K, used 5109K [0x00000000d6780000, 0x00000000df180000, 0x0000000100000000)
  eden space 131072K, 0% used [0x00000000d6780000,0x00000000d6780000,0x00000000de780000)
  from space 5120K, 99% used [0x00000000dec80000,0x00000000df17d650,0x00000000df180000)
  to   space 5120K, 0% used [0x00000000de780000,0x00000000de780000,0x00000000dec80000)
 ParOldGen       total 86016K, used 10387K [0x0000000083600000, 0x0000000088a00000, 0x00000000d6780000)
  object space 86016K, 12% used [0x0000000083600000,0x0000000084024ea8,0x0000000088a00000)
 Metaspace       used 20831K, capacity 21212K, committed 21296K, reserved 1067008K
  class space    used 3219K, capacity 3362K, committed 3376K, reserved 1048576K
Event: 2.419 GC heap after
Heap after GC invocations=5 (full 1):
 PSYoungGen      total 136192K, used 0K [0x00000000d6780000, 0x00000000df180000, 0x0000000100000000)
  eden space 131072K, 0% used [0x00000000d6780000,0x00000000d6780000,0x00000000de780000)
  from space 5120K, 0% used [0x00000000dec80000,0x00000000dec80000,0x00000000df180000)
  to   space 5120K, 0% used [0x00000000de780000,0x00000000de780000,0x00000000dec80000)
 ParOldGen       total 58368K, used 9629K [0x0000000083600000, 0x0000000086f00000, 0x00000000d6780000)
  object space 58368K, 16% used [0x0000000083600000,0x0000000083f67528,0x0000000086f00000)
 Metaspace       used 20831K, capacity 21212K, committed 21296K, reserved 1067008K
  class space    used 3219K, capacity 3362K, committed 3376K, reserved 1048576K
}
Event: 4.004 GC heap before
{Heap before GC invocations=6 (full 1):
 PSYoungGen      total 136192K, used 131072K [0x00000000d6780000, 0x00000000df180000, 0x0000000100000000)
  eden space 131072K, 100% used [0x00000000d6780000,0x00000000de780000,0x00000000de780000)
  from space 5120K, 0% used [0x00000000dec80000,0x00000000dec80000,0x00000000df180000)
  to   space 5120K, 0% used [0x00000000de780000,0x00000000de780000,0x00000000dec80000)
 ParOldGen       total 58368K, used 9629K [0x0000000083600000, 0x0000000086f00000, 0x00000000d6780000)
  object space 58368K, 16% used [0x0000000083600000,0x0000000083f67528,0x0000000086f00000)
 Metaspace       used 34119K, capacity 35027K, committed 35248K, reserved 1079296K
  class space    used 5347K, capacity 5528K, committed 5552K, reserved 1048576K

